Case #1: [E, A]
Case #2: [R, I, R]
Case #3: [F, D, T]
Case #4: [Z, E, R, A]
Case #5: []
Case #6: [W]
Case #7: [F, M, D]
Case #8: []
Case #9: [D, V, Q, S, R, A, Q]
Case #10: [E, W]
Case #11: [B]
Case #12: [D, S, W, E, C, R, E, D, Q]
Case #13: [F, R, A, R, I, Q, S, R, W]
Case #14: [A, T, D, W, F, W, R, R, R]
Case #15: [A, W, A, R, E, N, E, S, S]
Case #16: [A, A, A, A, A, A, A, A, A, A]
Case #17: [P, Q, W, E, P, W]
Case #18: []
Case #19: [Z, W, W, R, W, Q]
Case #20: []
Case #21: [R, S, E, F, A]
Case #22: [R, A, D, A, A, E, O, W, A]
Case #23: [D, D, W, R, D, D]
Case #24: [R, A, E, U, R, S, Q, E, D]
Case #25: [S, E, K, E, E, E, D, Q, Q]
Case #26: [Q, D, F, D, R, Q, E, S, M]
Case #27: [E, W, E, G, Q, E, A, G]
Case #28: [Q, Q, A, D, D, S, J, Q, F]
Case #29: []
Case #30: [A, F, W, A, D, D, R, S]
Case #31: [U, R, F, A, F]
Case #32: []
Case #33: [F, W, E, B, E, S, A, R, S]
Case #34: [R, Q, R, R, R, A, O, F, E]
Case #35: [A, F, D, S, A, E, F, Z, E]
Case #36: [W, L, A, L, A, A, R, E]
Case #37: [S, A]
Case #38: [R, R, R, Q, R, R, G, E, R]
Case #39: [W, D, S, Q, R, Q, W, Z, W]
Case #40: [U, W, R, E, Q, U, W, E]
Case #41: [F, Q, E, X, D]
Case #42: [S, F, A, F, D, L, A, L]
Case #43: [C, R, S, E, E, C, S, S]
Case #44: [Q, R, X, E, A, Q, A, S, E]
Case #45: [R, R, J, D, F, S, Q, J]
Case #46: [W, F, A, W, A, W, Q, U, S]
Case #47: [R, A, F, D, F]
Case #48: [F, S, D, Q, U, W, S, D, E]
Case #49: [F, D, Q, W, Q, Q, D, S, H]
Case #50: [F, R]
Case #51: [A, R, E, I, Q, R, A, S, F]
Case #52: [A, Q, A]
Case #53: [D, R, P, P, S]
Case #54: [D, E, W]
Case #55: [S]
Case #56: [X, D, E, D, D, S, D, E, S]
Case #57: [Z, Z, Z, Z, Z]
Case #58: [F, F, D, D, S, A, A, D, Y]
Case #59: [A, R, F, A, J, D]
Case #60: [E, W, E, N, E, A, N, A]
Case #61: [S, F, Q, P, F, S, S, Q, R]
Case #62: [F, Q, W, E, Y, E, A, R, R]
Case #63: [F]
Case #64: [D]
Case #65: []
Case #66: [A, E, E, R, S, Q, R, O, F]
Case #67: [D, S, W, F, W, W, E, S, N]
Case #68: [D, R, W, S, O, E, Q, W, Q]
Case #69: [D, J, J, S, E, E, R, A]
Case #70: [Q, Q, W, E, R, G, D, F, S]
Case #71: [Z, R, W, E, R, Q, E]
Case #72: []
Case #73: [F]
Case #74: [S, F, D, W, R, Z, Q, W, S]
Case #75: [W, Z]
Case #76: [D, A, R, R, Q, Q, I, F, E]
Case #77: [R, E, W, A, V, R, W, S, A]
Case #78: [W, A, F, F, R, M, W, F, D]
Case #79: [D, A, Q, F, S, U, D, F, D]
Case #80: [A]
Case #81: [S, S, R, F, D, R, G, G]
Case #82: [E, D]
Case #83: [A, C, C, W, R, D, Q, Q]
Case #84: [E, Y, S, D, R, R, S, A, Q]
Case #85: [A, Q, D]
Case #86: [B, A, W, A, S, F, A, A, D]
Case #87: [A, W, I, D, E, W, A, S, F]
Case #88: [F, F, X, S, S, X, W, F]
Case #89: [L, W, W, E]
Case #90: [R, F, E, F, O, F, O, D]
Case #91: [D, A, D, M, D, S, D, Q, R]
Case #92: [A, D, A, S, Z, S, A, Q, W]
Case #93: [W, R, O, F, O, S, D, F]
Case #94: [Q, W, Q, A, R, W, A, V, A]
Case #95: [F, K, W, Q, S, S, R, R, A]
Case #96: [W]
Case #97: [E, R, Y, W, D, D, Y, S]
Case #98: []
Case #99: [D, E, A, F, D, E, A, R, S]
Case #100: [W, Q, D, E, A, S, E, R, Y]
